mode: set
github.com/skeswa/gophr/router/main.go:11.14,12.6 1 0
github.com/skeswa/gophr/router/main.go:12.6,15.3 2 0
github.com/skeswa/gophr/router/main.go:18.13,20.68 2 0
github.com/skeswa/gophr/router/main.go:23.2,25.23 3 0
github.com/skeswa/gophr/router/main.go:36.2,38.52 2 0
github.com/skeswa/gophr/router/main.go:20.68,22.3 1 0
github.com/skeswa/gophr/router/main.go:25.23,28.3 2 0
github.com/skeswa/gophr/router/main.go:28.3,28.62 1 0
github.com/skeswa/gophr/router/main.go:28.62,31.3 2 0
github.com/skeswa/gophr/router/main.go:31.3,34.3 2 0
github.com/skeswa/gophr/router/semver.go:80.19,87.21 2 1
github.com/skeswa/gophr/router/semver.go:101.2,101.27 1 1
github.com/skeswa/gophr/router/semver.go:112.2,112.27 1 1
github.com/skeswa/gophr/router/semver.go:134.2,134.27 1 1
github.com/skeswa/gophr/router/semver.go:162.2,162.30 1 1
github.com/skeswa/gophr/router/semver.go:170.2,170.32 1 1
github.com/skeswa/gophr/router/semver.go:194.2,194.21 1 1
github.com/skeswa/gophr/router/semver.go:210.2,210.20 1 1
github.com/skeswa/gophr/router/semver.go:87.21,88.35 1 1
github.com/skeswa/gophr/router/semver.go:88.35,91.4 2 1
github.com/skeswa/gophr/router/semver.go:91.4,91.42 1 1
github.com/skeswa/gophr/router/semver.go:91.42,94.4 2 1
github.com/skeswa/gophr/router/semver.go:94.4,96.4 1 1
github.com/skeswa/gophr/router/semver.go:97.3,99.3 1 1
github.com/skeswa/gophr/router/semver.go:101.27,102.60 1 1
github.com/skeswa/gophr/router/semver.go:102.60,105.4 2 1
github.com/skeswa/gophr/router/semver.go:105.4,107.4 1 1
github.com/skeswa/gophr/router/semver.go:108.3,110.3 1 1
github.com/skeswa/gophr/router/semver.go:112.27,113.61 1 1
github.com/skeswa/gophr/router/semver.go:113.61,114.41 1 1
github.com/skeswa/gophr/router/semver.go:114.41,115.27 1 1
github.com/skeswa/gophr/router/semver.go:118.5,119.28 2 1
github.com/skeswa/gophr/router/semver.go:115.27,117.6 1 1
github.com/skeswa/gophr/router/semver.go:120.5,122.5 1 1
github.com/skeswa/gophr/router/semver.go:123.4,123.67 1 1
github.com/skeswa/gophr/router/semver.go:123.67,126.4 2 1
github.com/skeswa/gophr/router/semver.go:126.4,128.4 1 1
github.com/skeswa/gophr/router/semver.go:129.3,132.3 2 1
github.com/skeswa/gophr/router/semver.go:134.27,135.24 1 1
github.com/skeswa/gophr/router/semver.go:135.24,136.62 1 1
github.com/skeswa/gophr/router/semver.go:136.62,137.42 1 1
github.com/skeswa/gophr/router/semver.go:137.42,138.28 1 0
github.com/skeswa/gophr/router/semver.go:141.6,142.29 2 0
github.com/skeswa/gophr/router/semver.go:138.28,140.7 1 0
github.com/skeswa/gophr/router/semver.go:143.6,145.6 1 1
github.com/skeswa/gophr/router/semver.go:146.5,146.68 1 1
github.com/skeswa/gophr/router/semver.go:146.68,149.5 2 1
github.com/skeswa/gophr/router/semver.go:149.5,151.5 1 1
github.com/skeswa/gophr/router/semver.go:152.4,154.4 1 1
github.com/skeswa/gophr/router/semver.go:155.3,157.24 2 1
github.com/skeswa/gophr/router/semver.go:157.24,159.4 1 1
github.com/skeswa/gophr/router/semver.go:162.30,163.24 1 1
github.com/skeswa/gophr/router/semver.go:163.24,165.4 1 1
github.com/skeswa/gophr/router/semver.go:165.4,167.4 1 1
github.com/skeswa/gophr/router/semver.go:170.32,171.24 1 1
github.com/skeswa/gophr/router/semver.go:171.24,172.67 1 1
github.com/skeswa/gophr/router/semver.go:172.67,173.42 1 1
github.com/skeswa/gophr/router/semver.go:173.42,174.28 1 0
github.com/skeswa/gophr/router/semver.go:177.6,177.63 1 0
github.com/skeswa/gophr/router/semver.go:174.28,176.7 1 0
github.com/skeswa/gophr/router/semver.go:178.6,180.6 1 1
github.com/skeswa/gophr/router/semver.go:181.5,181.73 1 1
github.com/skeswa/gophr/router/semver.go:181.73,184.5 2 0
github.com/skeswa/gophr/router/semver.go:184.5,186.5 1 1
github.com/skeswa/gophr/router/semver.go:187.4,189.4 1 1
github.com/skeswa/gophr/router/semver.go:190.3,192.3 1 1
github.com/skeswa/gophr/router/semver.go:194.21,195.25 1 0
github.com/skeswa/gophr/router/semver.go:195.25,196.42 1 0
github.com/skeswa/gophr/router/semver.go:196.42,198.5 1 0
github.com/skeswa/gophr/router/semver.go:198.5,198.46 1 0
github.com/skeswa/gophr/router/semver.go:198.46,200.5 1 0
github.com/skeswa/gophr/router/semver.go:200.5,202.5 1 0
github.com/skeswa/gophr/router/semver.go:203.4,205.4 1 0
github.com/skeswa/gophr/router/semver.go:206.3,208.3 1 1
github.com/skeswa/gophr/router/semver.go:213.33,219.35 2 0
github.com/skeswa/gophr/router/semver.go:225.2,225.52 1 0
github.com/skeswa/gophr/router/semver.go:239.2,239.52 1 0
github.com/skeswa/gophr/router/semver.go:249.2,249.29 1 0
github.com/skeswa/gophr/router/semver.go:261.2,261.29 1 0
github.com/skeswa/gophr/router/semver.go:270.2,270.29 1 0
github.com/skeswa/gophr/router/semver.go:280.2,280.38 1 0
github.com/skeswa/gophr/router/semver.go:286.2,286.24 1 0
github.com/skeswa/gophr/router/semver.go:219.35,221.3 1 0
github.com/skeswa/gophr/router/semver.go:221.3,221.42 1 0
github.com/skeswa/gophr/router/semver.go:221.42,223.3 1 0
github.com/skeswa/gophr/router/semver.go:225.52,227.3 1 0
github.com/skeswa/gophr/router/semver.go:227.3,230.55 2 0
github.com/skeswa/gophr/router/semver.go:236.3,236.82 1 0
github.com/skeswa/gophr/router/semver.go:230.55,232.4 1 0
github.com/skeswa/gophr/router/semver.go:232.4,234.4 1 0
github.com/skeswa/gophr/router/semver.go:239.52,242.3 2 0
github.com/skeswa/gophr/router/semver.go:242.3,242.61 1 0
github.com/skeswa/gophr/router/semver.go:242.61,245.3 2 0
github.com/skeswa/gophr/router/semver.go:245.3,247.3 1 0
github.com/skeswa/gophr/router/semver.go:249.29,250.53 1 0
github.com/skeswa/gophr/router/semver.go:250.53,253.4 2 0
github.com/skeswa/gophr/router/semver.go:253.4,253.62 1 0
github.com/skeswa/gophr/router/semver.go:253.62,256.4 2 0
github.com/skeswa/gophr/router/semver.go:256.4,258.4 1 0
github.com/skeswa/gophr/router/semver.go:261.29,262.33 1 0
github.com/skeswa/gophr/router/semver.go:262.33,265.4 2 0
github.com/skeswa/gophr/router/semver.go:265.4,267.4 1 0
github.com/skeswa/gophr/router/semver.go:270.29,271.58 1 0
github.com/skeswa/gophr/router/semver.go:271.58,274.4 2 0
github.com/skeswa/gophr/router/semver.go:274.4,274.67 1 0
github.com/skeswa/gophr/router/semver.go:274.67,277.4 2 0
github.com/skeswa/gophr/router/semver.go:280.38,282.3 1 0
github.com/skeswa/gophr/router/semver.go:282.3,282.48 1 0
github.com/skeswa/gophr/router/semver.go:282.48,284.3 1 0
github.com/skeswa/gophr/router/handlers.go:27.70,30.2 2 0
